<?xml version="1.0" encoding="UTF-8"?>
<!-- Generated by org.testng.reporters.JUnitXMLReporter -->
<testsuite ignored="6" hostname="DESKTOP-A91V361" failures="0" tests="1" name="Surefire test" time="0.074" errors="0" timestamp="2026-03-24T20:45:07 IST">
  <testcase classname="com.priti.RestAssurredProject.AppTest" name="shouldAnswerWithTrue" time="0.008"/>
  <testcase classname="test.TestClass1" name="test3" time="0.0">
    <ignored/>
  </testcase> <!-- test3 -->
  <testcase classname="test.TestsOnLocalAPI" name="patch" time="0.0">
    <ignored/>
  </testcase> <!-- patch -->
  <testcase classname="test.TestClass1" name="test1" time="0.0">
    <ignored/>
  </testcase> <!-- test1 -->
  <testcase classname="test.TestsOnLocalAPI" name="post" time="0.0">
    <ignored/>
  </testcase> <!-- post -->
  <testcase classname="test.TestsOnLocalAPI" name="get" time="0.0">
    <ignored/>
  </testcase> <!-- get -->
  <testcase classname="test.TestsOnLocalAPI" name="put" time="0.0">
    <ignored/>
  </testcase> <!-- put -->
</testsuite> <!-- Surefire test -->
