<?xml version="1.0" encoding="UTF-8"?>
<testng-results ignored="6" total="7" passed="1" failed="0" skipped="0">
  <reporter-output>
  </reporter-output>
  <suite started-at="2026-03-24T20:45:07 IST" name="Surefire suite" finished-at="2026-03-24T20:45:07 IST" duration-ms="74">
    <groups>
    </groups>
    <test started-at="2026-03-24T20:45:07 IST" name="Surefire test" finished-at="2026-03-24T20:45:07 IST" duration-ms="74">
      <class name="com.priti.RestAssurredProject.AppTest">
        <test-method signature="shouldAnswerWithTrue()[pri:0, instance:com.priti.RestAssurredProject.AppTest@80ec1f8]" started-at="2026-03-24T20:45:07 IST" name="shouldAnswerWithTrue" finished-at="2026-03-24T20:45:07 IST" duration-ms="8" status="PASS">
          <reporter-output>
          </reporter-output>
        </test-method> <!-- shouldAnswerWithTrue -->
      </class> <!-- com.priti.RestAssurredProject.AppTest -->
    </test> <!-- Surefire test -->
  </suite> <!-- Surefire suite -->
</testng-results>
